  2DDirectString.cpp
  2DPosition.cpp
  3DPosition.cpp
  AddSystemMenu.cpp
  AnyContainer.cpp
  AppearanceHimeBecomeBushou.cpp
  Arabia2Kanji.cpp
  AttackTaihouMyself.cpp
  AutoUpExperienceDefault.cpp
  AvgParam_Amb.cpp
  AvgParam_Apti_Chikujo.cpp
  AvgParam_Apti_Gaikou.cpp
  AvgParam_Apti_Nougyou.cpp
  AvgParam_Apti_Syougyou.cpp
  AvgParam_Apti_Touyou.cpp
  AvgParam_Bat.cpp
  AvgParam_Bat_Ashigaru.cpp
  AvgParam_Bat_Kiba.cpp
  AvgParam_Bat_Suigun.cpp
  AvgParam_Bat_Teppou.cpp
  AvgParam_Bat_Yari.cpp
  AvgParam_Bat_Yumi.cpp
  AvgParam_Chm.cpp
  AvgParam_Cmd.cpp
  AvgParam_Edu.cpp
  AvgParam_Gir.cpp
  AvgParam_Gov.cpp
  AvgParam_Int.cpp
  BeActgionEndInBattle.cpp
  BFileN6P.cpp
  BGMmm.cpp
  CanInstructDirectOtherGundan.cpp
  CastleConnectEdge.cpp
  CastleDefenceCoefOfNPC.cpp
  ChangeBGMTrackNum.cpp
  CheckChangeYearDisp.cpp
  CnvHankakuZenakaku.cpp
  CommonGlobalHandle.cpp
  ControlPane.cpp
  ConvertCharCode.cpp
  CurProcessGameMemory.cpp
  CurProcessMemory.cpp
  CustomKahouTypeStr.cpp
  DarkModeTitleBarMod.cpp
  DDrawPatchOfHimeKao.cpp
  DeathFrequencyNotInfluenceLife.cpp
  DegreeLoyaltyOnCaptiveLibra.cpp
  DialogKahou.cpp
  DialogKahouMovie.cpp
  Dijkstra.cpp
  DijkstraCastle.cpp
  Dijkstra_draw.cpp
  Dijkstra_io.cpp
  Dijkstra_node.cpp
  EXBushou.cpp
  EXBushou_All.cpp
  EXBushou_LancelotTartare.cpp
  EXBushou_ShuiHidechiyo.cpp
  EXServiceBushouValueControll.cpp
  EXServiceCheckIncreaseSpecialProductByTheThing.cpp
  EXServiceCheckOtherDaimyosGetMoneyAndRise.cpp
  EXServiceExecuteAishoCalc.cpp
  EXServiceExecuteFilterMerits.cpp
  EXServiceExecuteIfAbilityIsUnderdeveloped.cpp
  EXServiceExecuteIfAutoUpExperience.cpp
  EXServiceExecuteIfBravesIsTheValue.cpp
  EXServiceExecuteIfCanAllAbilityInBattle.cpp
  EXServiceExecuteIfFixExperienceMax.cpp
  EXServiceExecuteIfLifesIsTheTimes.cpp
  EXServiceExecuteIfLifesIsTheValue.cpp
  EXServiceExecuteIfNoDutiesMaxIndependences.cpp
  EXServiceExecuteOnBushouSoldierChange.cpp
  EXServiceExecuteOnRegeneration.cpp
  EXServiceExecuteOnTurnChange.cpp
  EXServiceExecutePirateMakePort.cpp
  EXServiceExecuteRoninKunkouDecrement.cpp
  EXServiceExecuteTeppouSpMakeSmith.cpp
  EXServicePlayerDaimyoDataInfluenceOtherDaimyoData.cpp
  EXSuperService_IfYumiNoExists.cpp
  FactoryGeneralBushouName.cpp
  FactoryGeneralKaoFace.cpp
  FixExperienceDefault.cpp
  Font.cpp
  FuncBattleUnitNumRepaint.cpp
  FuncBattleUnitStateRepaint.cpp
  FuncCamera.cpp
  FuncCanYusou.cpp
  FuncDoDeatchInBattle.cpp
  FuncDoDeatchInMain.cpp
  FuncDoTaikyaukInBattle.cpp
  FuncFadeInOut.cpp
  FuncFukidashiDialog.cpp
  FuncFukidashiDialogInBattle.cpp
  FuncGetGunshiBushouID.cpp
  FuncGundanCastleWindowRepaint.cpp
  FuncImageDialog.cpp
  FuncImagePngDialog.cpp
  FuncKaikenAI.cpp
  FuncMessageDialog.cpp
  FuncPlayBGM.cpp
  FuncPlayMovie.cpp
  FuncPlayResourceWav.cpp
  FuncSelectBushouDialog.cpp
  FuncSelectBushouMultiDialog.cpp
  FuncSelectCastleDialog.cpp
  FuncSelectDaimyoDialog.cpp
  FuncSelectGundanDialog.cpp
  FuncSelectKahouDialog.cpp
  FuncSelectKaniDialog.cpp
  FuncSelectMenuDialog.cpp
  FuncSetWeather.cpp
  FuncWarScrennRepaint.cpp
  GameDataStruct.cpp
  GeneralBushouBorn.cpp
  GeometryBoost.cpp
  GeometryMath.cpp
  GetFileName.cpp
  GetOSVersion.cpp
  GetProcessCount.cpp
  GetResolution.cpp
  GetSpecialFoldierPath.cpp
  GetTodouhukenWeather.cpp
  GetWarekiFromYMD.cpp
  GodPatch.cpp
  HexMapNB6.cpp
  HexRoleCollision.cpp
  HookBitBltCustom.cpp
  HookDefWindowProcACustom.cpp
  HookFunctions.cpp
  HookIntersectRectMessage.cpp
  HookInvalidateRectMessage.cpp
  HookMessageBoxACustom.cpp
  HookTextOutACustom.cpp
  HumanRelation.cpp
  IncreaseRatioCanDraftSoldier.cpp
  INMM.cpp
  Json.cpp
  JudgeKahouDialogBigMove.cpp
  KahouN6P.cpp
  KamonDataAndPalette.cpp
  KaoSwapExtend.cpp
  KoeiLWDecorder.cpp
  KunkouIsNotResetOnRonin.cpp
  ls11_decode.cpp
  ls11_decodePack.cpp
  ls11_encode.cpp
  ls11_encodePack.cpp
  ls11_getFileData.cpp
  ls11_joinData.cpp
  ls11_outFileData.cpp
  ls11_splitData.cpp
  lua_interface.cpp
  MakeIsseikougekiMembers.cpp
  MapData.cpp
  Menu.cpp
  MessageInflection.cpp
  MessageInflectionEnding.cpp
  MessageInflectionSurfix.cpp
  MessageN6PPatch.cpp
  MovieBGMNonStopController.cpp
  MovieBlackBackController.cpp
  MovieMoveWindow.cpp
  NoCompactDisk.cpp
  NonFaceBushouIndependences.cpp
  OnActionEndInBattle.cpp
  OnAdditionMoveRemainPower.cpp
  OnAfterChangeWindowSize.cpp
  OnAnsatsuAttackInBattle.cpp
  OnAptitudeKiba.cpp
  OnAptitudeTeppou.cpp
  OnAttackDistanceAddition.cpp
  OnBattleStartOfNPC.cpp
  OnBattleStartOfPlayer.cpp
  OnBushouAnsatsuInMain.cpp
  OnCallBackWindowProc.cpp
  OnCastleFallDown.cpp
  OnCastleTurnChange.cpp
  OnChangeGundanTurnInBattle.cpp
  OnChangeWeather.cpp
  OnCheckDiskSpace.cpp
  OnCheckRojoBushouNum.cpp
  OnCommerceBenzetsuJudge.cpp
  OnCommerceSuccessJudge.cpp
  OnCompareDeclineBat.cpp
  OnCompareDeclineGov.cpp
  OnCompareDeclineInt.cpp
  OnConfirmRatificationDialog.cpp
  OnCoreIntersectRect.cpp
  OnCurTekkousenFormCheck.cpp
  OnDaimyoAnsatsuMovieInMain.cpp
  OnDamagedOfAttack.cpp
  OnDamagedOfDoor.cpp
  OnDDrawWindowProcA.cpp
  OnDeathInBattle.cpp
  OnDecideMakeNewBushou.cpp
  OnDecideOfGeneralKaoFace.cpp
  OnDecrementTurnInBattle.cpp
  OnDetailKahouGraphicPush.cpp
  OnDetailKahouLayout.cpp
  OnDisitionScenarioIDOnSaveOrLoad.cpp
  OnDoumeiNegotiatePreviousBattle.cpp
  OnEditingButai.cpp
  OnEmperorManeuvers.cpp
  OnEndingAfterJumper.cpp
  OnEndingConditionTest.cpp
  OnEnteringDoEnding.cpp
  OnEnteringFromScenarioDaimyo.cpp
  OnEnterMainPlayerCommand.cpp
  OnEventsOfChangeSeasonTiming.cpp
  OnExecuteBattleAttackInBattle.cpp
  OnExecuteBattleCommandInBattle.cpp
  OnFaceNumberAccess.cpp
  OnFindTenshoukiDisk.cpp
  OnFireAttackSuccessInBattle.cpp
  OnFireTeppou.cpp
  OnFireTeppouSE.cpp
  OnFukidashiTypeB.cpp
  OnFukidashiTypeBFocusChange.cpp
  OnFunctionPointerTableJump.cpp
  OnGetDaimyoKoukeisyaBushouID.cpp
  OnGetGunshiBushouID.cpp
  OnGetPointerKaikenHeapMemory.cpp
  OnGlobalFreeMemoryInGameEnd.cpp
  OnGundanTurnChange.cpp
  OnGundantyoUragiriDokuritsu.cpp
  OnGungiDoing.cpp
  OnGungiFukidashi.cpp
  OnGunshiFukidashiMessage.cpp
  OnHirouFukidashi.cpp
  OnHirouSelectingBushouList.cpp
  OnigRegex.cpp
  OnIketottariInBattle.cpp
  OnIncrementCastleTurnInBattle.cpp
  OnIncrementTaikiBushouCount.cpp
  OnInputNumberDialog.cpp
  OnJudgeCanAnyAttackDistance.cpp
  OnJudgeGungiDone.cpp
  OnJudgeHasTaihouPatch.cpp
  OnJudgeHimeHantei.cpp
  OnJudgeMainCommissionCancel.cpp
  OnJudgeResultKyohaku.cpp
  OnJudgeResultOfNPCNaiouInMain.cpp
  OnJudgeResultOfPCNaiouInMain.cpp
  OnJudgeTeppoutaiOrTeppouKiba.cpp
  OnJudgeWarCommissionCancel.cpp
  OnKeyEventHandler.cpp
  OnLeaveMainPlayerCommand.cpp
  OnLoadSaveDataInGame.cpp
  OnLoadSavevDataInOpening.cpp
  OnMainGameStart.cpp
  OnMainWindowCastleButton.cpp
  OnMessageBuildLastestWord.cpp
  OnMouseDriverIsInstalledInPC.cpp
  OnMouseEventHander.cpp
  OnMoveEndAnimationSetInBattle.cpp
  OnMoveEndJudgeInBattle.cpp
  OnMoveUnitAnimationChangeInBattle.cpp
  OnMovieWsprintfPush.cpp
  OnN6PAudioPlayTrack.cpp
  OnNenreiZoukaSyori.cpp
  OnNextTurnIsFieldOrCastle.cpp
  OnNPCSelectingAttackPostMoveAfterInBattle.cpp
  OnNPCSelectingAttackPostMoveInBattle.cpp
  OnNPCSelectingAttackPrevMoveInBattle.cpp
  OnPCSelectingAttackPostMoveInBattle.cpp
  OnPlayerGundanTurnEndInBattle.cpp
  OnPlayerTurnChange.cpp
  OnPostBattleTreatment.cpp
  OnPrevMainPlayerCommandWait.cpp
  OnPushSaveFileName.cpp
  OnPushSaveFileNameOfUnknown.cpp
  OnRainRangeJudge.cpp
  OnRareMessageWriteMemory.cpp
  OnResultOfNaiouInBattle.cpp
  OnSaveSaveDataInGame.cpp
  OnSeiiTaishougunConditionCastleNum.cpp
  OnSeiryokuInfoViewingInBattle.cpp
  OnSelectingAbilityInBattle.cpp
  OnSelectingAttackEventHandlerInBattle.cpp
  OnSelectingAttackInBattle.cpp
  OnSelectingKaikenBushou.cpp
  OnSelectingMainButaiHensyuUnitLongName.cpp
  OnSelectingOneBushouOfBushouList.cpp
  OnSelectingScenario.cpp
  OnSelectingScenarioDaimyo.cpp
  OnSelectingScenarioAfter.cpp
  OnSelectSaveOrLoadNo.cpp
  OnSelectWindowSize.cpp
  OnSendouDoneOnceJudgement.cpp
  OnSendouKonranAllMessage.cpp
  OnSendouKonranIsOneOrAll.cpp
  OnSendouKonranMultiKonran.cpp
  OnSendouSelectingWhich.cpp
  OnSetCanTaihouAndTekkousenDistance.cpp
  OnSettingMovePower.cpp
  OnSetTurnInBattle.cpp
  OnShowingIe.cpp
  OnShowingJotai.cpp
  OnShowingKahouDetail.cpp
  OnShowingMibun.cpp
  OnSobaChange.cpp
  OnSoldierDraftConditionInBattle.cpp
  OnSoldierDraftFilterInBattle.cpp
  OnSubstituteMaxSyutujinNum.cpp
  OnSuccessOrFailOfPostBattleTreatment.cpp
  OnSwitchMainScreenSubCommand.cpp
  OnTaihouAndTekkousenAttackTimesRewrite.cpp
  OnTaihouAttack.cpp
  OnTaihouAttackTimesRewrite.cpp
  OnTaikiAppearance.cpp
  OnTaikyakuCastleInstructions.cpp
  OnDefenceBushouHeisuuZero.cpp
  OnTaikyakuTryInBattle.cpp
  OnTenshouExeBattleStartExecute.cpp
  OnTeppouDeathInBattle.cpp
  OnTotsugekiResultTest.cpp
  OnUchitottariInBattle.cpp
  OnUIPaintOfMainScreeenBackGround.cpp
  OnUnitMoveEnd.cpp
  OnUpdateExperience.cpp
  OnUpdateGennekiKunkouParam.cpp
  OnUpdateHataageKunkouParam.cpp
  OnUpdateRoninKunkouParam.cpp
  OnUpdateRoninOfWarKunkouParam.cpp
  OnViewingBattleMenuInBattle.cpp
  OnViewingBushouDetailButaimei.cpp
  OnViewingBushouDetailKibaTeppou.cpp
  OnViewingBushouListKibaTeppou.cpp
  OnViewingBusyouRetsuden.cpp
  OnViewingCastleRetsuden.cpp
  OnViewingCastleRetsudenFunc.cpp
  OnViewingCommandMenuInBattle.cpp
  OnViewingEndLogo.cpp
  OnViewingHimeDetail.cpp
  OnViewingJobInBushouDetail.cpp
  OnViewingJobNoInBushouDetail.cpp
  OnViewingKahouDetail.cpp
  OnViewingKahouDetailKahouType.cpp
  OnViewingKahouList.cpp
  OnViewingKahouRetsuden.cpp
  OnViewingMainBushouListButaimei.cpp
  OnViewingNaiseiExecutantsEtc5NingumiDialog.cpp
  OnViewingNaiseiExecutantsEtc5NingumiWakuNum.cpp
  OnViewingScenarioTitleList.cpp
  OnViewingScreenMenu.cpp
  OnViewingTopMenu.cpp
  OnWarBGMCheck.cpp
  OnWritingScenarioDetail.cpp
  OnWsprintfOppositeIDAndStr.cpp
  OtherDaimyoNeverThreat.cpp
  OutputDebugImage.cpp
  OutputDebugStream.cpp
  OutputDebugString.cpp
  patchBugOfGundanYakusyokuInSenarioEditor.cpp
  PatchDDrawHimekaoAppearBug.cpp
  PatchDDrawWindowProcA.cpp
  PluginMod.cpp
  ResolutionMobile.cpp
  ResolutionWide.cpp
  SaveDataStructEx.cpp
  SaveDataStructExFlag.cpp
  ScenarioMessageN6P.cpp
  ScenarioMod.cpp
  ScenarioTaikiBushouN6P.cpp
  SelectingBushouList.cpp
  SetBushouAvgParam.cpp
  SetExtensionMovie.cpp
  SetHelpFileName.cpp
  SetMyDamageOfDoor.cpp
  SetNeedKoudouryoku.cpp
  SetOverWriteButaiMei.cpp
  SndataN6PDataStruct.cpp
  SoundModServerCall.cpp
  SoundServer.cpp
  StrFormatMatch.cpp
  StrSplit.cpp
  TenShougiMod.cpp
  TenShougiModBegin.cpp
  TeppouDenraiEvent.cpp
  TimerMessageBox.cpp
  TimeStamp.cpp
  tmath.cpp
  Todouhuken.cpp
  TSMod.cpp
  TSModCommand.cpp
  TSModDirectDrawCreate.cpp
  TSModDummy.cpp
  TSModPatchProcessMemory.cpp
  VariableNameRegistAndJudge.cpp
  ViewingBushouListTitle.cpp
  WaitTimeProcedure.cpp
  WorkToDieEverySeason.cpp
  WriteSoundMap.cpp
  nmh.c
  oniguruma.lib(regerror.obj) : MSIL .netmodule または /GL を伴ってコンパイルされたモジュールが見つかりました。/LTCG を使用して再開始してください。リンカーのパフォーマンスを向上させるためには、コマンドラインに /LTCG を追加してください。
     ライブラリ .\Release/TSMod.lib とオブジェクト .\Release/TSMod.exp を作成中
  コード生成しています。
  コード生成が終了しました。
  TSMod.vcxproj -> G:\repogitory_jp\nobu6_mod_tsmod\tsmod\.\Release\TSMod.dll
