cl : コマンド ライン warning D9030: '/Gm' はマルチプロセシングと互換性がありません。/MP スイッチを無視します
  xmltest.cpp
  WriteSoundMap.cpp
  WorkToDieEverySeason.cpp
  WinArgv.cpp
  WaitTimeProcedure.cpp
  ViewingBushouListTitle.cpp
  VariableNameRegistAndJudge.cpp
  TSModPatchProcessMemory.cpp
  TSModDummy.cpp
  TSModDirectDrawCreate.cpp
  TSModCommand.cpp
  TSMod.cpp
  Todouhuken.cpp
  ToCopyClipboard.cpp
  tmath.cpp
  tinyxml2.cpp
  TimeStamp.cpp
  TimerMessageBox.cpp
  TeppouDenraiEvent.cpp
  TenShougiModBegin.cpp
  コードを生成中...
  コンパイル中...
  TenShougiMod.cpp
  StrSplit.cpp
  StrFormatMatch.cpp
  SoundServer.cpp
  SoundModServerCall.cpp
  SndataN6PDataStruct.cpp
  SetOverWriteButaiMei.cpp
  SetNeedKoudouryoku.cpp
  SetMyDamageOfDoor.cpp
